2025-05-06 08:19:59.235 +06:00 [INF] Starting application...
2025-05-06 08:20:06.935 +06:00 [INF] Checking for role 'Admin'. Exists: true
2025-05-06 08:20:07.339 +06:00 [INF] Existing admin user 'admin@formsapp.com' already exists.
2025-05-06 08:20:07.910 +06:00 [INF] Existing admin user 'admin@formsapp.com' already has the 'Admin' role.
2025-05-06 08:20:21.347 +06:00 [INF] User admin@formsapp.com logged in successfully.
2025-05-06 08:20:37.736 +06:00 [INF] Starting application...
2025-05-06 08:20:39.323 +06:00 [INF] Checking for role 'Admin'. Exists: true
2025-05-06 08:20:39.375 +06:00 [INF] Existing admin user 'admin@formsapp.com' already exists.
2025-05-06 08:20:39.417 +06:00 [INF] Existing admin user 'admin@formsapp.com' already has the 'Admin' role.
2025-05-06 08:20:48.562 +06:00 [INF] User admin@formsapp.com logged in successfully.
2025-05-06 08:20:55.507 +06:00 [WRN] Compiling a query which loads related collections for more than one collection navigation, either via 'Include' or through projection, but no 'QuerySplittingBehavior' has been configured. By default, Entity Framework will use 'QuerySplittingBehavior.SingleQuery', which can potentially result in slow query performance. See https://go.microsoft.com/fwlink/?linkid=2134277 for more information. To identify the query that's triggering this warning call 'ConfigureWarnings(w => w.Throw(RelationalEventId.MultipleCollectionIncludeWarning))'.
2025-05-06 08:21:35.178 +06:00 [INF] Adding missing email claim for user cf3c18fc-57c5-4d7b-8d67-dd2d2ae634a6.
2025-05-06 08:21:52.406 +06:00 [INF] User admin@formsapp.com logged in successfully.
2025-05-06 08:22:01.254 +06:00 [WRN] Compiling a query which loads related collections for more than one collection navigation, either via 'Include' or through projection, but no 'QuerySplittingBehavior' has been configured. By default, Entity Framework will use 'QuerySplittingBehavior.SingleQuery', which can potentially result in slow query performance. See https://go.microsoft.com/fwlink/?linkid=2134277 for more information. To identify the query that's triggering this warning call 'ConfigureWarnings(w => w.Throw(RelationalEventId.MultipleCollectionIncludeWarning))'.
2025-05-06 08:22:09.762 +06:00 [WRN] The query uses a row limiting operator ('Skip'/'Take') without an 'OrderBy' operator. This may lead to unpredictable results. If the 'Distinct' operator is used after 'OrderBy', then make sure to use the 'OrderBy' operator after 'Distinct' as the ordering would otherwise get erased.
2025-05-06 08:22:20.966 +06:00 [WRN] Compiling a query which loads related collections for more than one collection navigation, either via 'Include' or through projection, but no 'QuerySplittingBehavior' has been configured. By default, Entity Framework will use 'QuerySplittingBehavior.SingleQuery', which can potentially result in slow query performance. See https://go.microsoft.com/fwlink/?linkid=2134277 for more information. To identify the query that's triggering this warning call 'ConfigureWarnings(w => w.Throw(RelationalEventId.MultipleCollectionIncludeWarning))'.
2025-05-06 08:23:13.515 +06:00 [INF] Adding missing email claim for user 96e673f4-e43e-4b6c-b891-93190ebb8beb.
2025-05-06 08:23:33.918 +06:00 [INF] User admin@formsapp.com logged in successfully.
2025-05-06 08:24:23.666 +06:00 [INF] User shahadat.190621@s.pust.ac.bd logged in successfully.
2025-05-06 08:25:17.189 +06:00 [INF] Starting application...
2025-05-06 08:25:19.075 +06:00 [INF] Checking for role 'Admin'. Exists: true
2025-05-06 08:25:19.212 +06:00 [INF] Existing admin user 'admin@formsapp.com' already exists.
2025-05-06 08:25:19.252 +06:00 [INF] Existing admin user 'admin@formsapp.com' already has the 'Admin' role.
2025-05-06 08:25:32.144 +06:00 [INF] User admin@formsapp.com logged in successfully.
2025-05-06 08:25:36.157 +06:00 [WRN] Compiling a query which loads related collections for more than one collection navigation, either via 'Include' or through projection, but no 'QuerySplittingBehavior' has been configured. By default, Entity Framework will use 'QuerySplittingBehavior.SingleQuery', which can potentially result in slow query performance. See https://go.microsoft.com/fwlink/?linkid=2134277 for more information. To identify the query that's triggering this warning call 'ConfigureWarnings(w => w.Throw(RelationalEventId.MultipleCollectionIncludeWarning))'.
2025-05-06 08:25:38.065 +06:00 [WRN] Compiling a query which loads related collections for more than one collection navigation, either via 'Include' or through projection, but no 'QuerySplittingBehavior' has been configured. By default, Entity Framework will use 'QuerySplittingBehavior.SingleQuery', which can potentially result in slow query performance. See https://go.microsoft.com/fwlink/?linkid=2134277 for more information. To identify the query that's triggering this warning call 'ConfigureWarnings(w => w.Throw(RelationalEventId.MultipleCollectionIncludeWarning))'.
2025-05-06 08:25:44.254 +06:00 [WRN] The query uses a row limiting operator ('Skip'/'Take') without an 'OrderBy' operator. This may lead to unpredictable results. If the 'Distinct' operator is used after 'OrderBy', then make sure to use the 'OrderBy' operator after 'Distinct' as the ordering would otherwise get erased.
2025-05-06 08:27:32.213 +06:00 [INF] Starting application...
2025-05-06 08:27:33.724 +06:00 [INF] Checking for role 'Admin'. Exists: true
2025-05-06 08:27:33.776 +06:00 [INF] Existing admin user 'admin@formsapp.com' already exists.
2025-05-06 08:27:33.814 +06:00 [INF] Existing admin user 'admin@formsapp.com' already has the 'Admin' role.
2025-05-06 08:27:43.025 +06:00 [WRN] Compiling a query which loads related collections for more than one collection navigation, either via 'Include' or through projection, but no 'QuerySplittingBehavior' has been configured. By default, Entity Framework will use 'QuerySplittingBehavior.SingleQuery', which can potentially result in slow query performance. See https://go.microsoft.com/fwlink/?linkid=2134277 for more information. To identify the query that's triggering this warning call 'ConfigureWarnings(w => w.Throw(RelationalEventId.MultipleCollectionIncludeWarning))'.
2025-05-06 08:27:45.019 +06:00 [WRN] Compiling a query which loads related collections for more than one collection navigation, either via 'Include' or through projection, but no 'QuerySplittingBehavior' has been configured. By default, Entity Framework will use 'QuerySplittingBehavior.SingleQuery', which can potentially result in slow query performance. See https://go.microsoft.com/fwlink/?linkid=2134277 for more information. To identify the query that's triggering this warning call 'ConfigureWarnings(w => w.Throw(RelationalEventId.MultipleCollectionIncludeWarning))'.
2025-05-06 08:27:52.260 +06:00 [WRN] The query uses a row limiting operator ('Skip'/'Take') without an 'OrderBy' operator. This may lead to unpredictable results. If the 'Distinct' operator is used after 'OrderBy', then make sure to use the 'OrderBy' operator after 'Distinct' as the ordering would otherwise get erased.
2025-05-06 08:28:18.901 +06:00 [WRN] Compiling a query which loads related collections for more than one collection navigation, either via 'Include' or through projection, but no 'QuerySplittingBehavior' has been configured. By default, Entity Framework will use 'QuerySplittingBehavior.SingleQuery', which can potentially result in slow query performance. See https://go.microsoft.com/fwlink/?linkid=2134277 for more information. To identify the query that's triggering this warning call 'ConfigureWarnings(w => w.Throw(RelationalEventId.MultipleCollectionIncludeWarning))'.
2025-05-06 08:29:05.252 +06:00 [INF] User 1337.shahadat@gmail.com logged in successfully.
2025-05-06 08:29:47.269 +06:00 [INF] User shahadat.190621@s.pust.ac.bd logged in successfully.
2025-05-06 08:37:12.527 +06:00 [INF] Starting application...
2025-05-06 08:37:14.155 +06:00 [INF] Checking for role 'Admin'. Exists: true
2025-05-06 08:37:14.268 +06:00 [INF] Existing admin user 'admin@formsapp.com' already exists.
2025-05-06 08:37:14.306 +06:00 [INF] Existing admin user 'admin@formsapp.com' already has the 'Admin' role.
2025-05-06 08:37:24.935 +06:00 [INF] User admin@formsapp.com logged in successfully.
2025-05-06 08:37:29.456 +06:00 [WRN] Compiling a query which loads related collections for more than one collection navigation, either via 'Include' or through projection, but no 'QuerySplittingBehavior' has been configured. By default, Entity Framework will use 'QuerySplittingBehavior.SingleQuery', which can potentially result in slow query performance. See https://go.microsoft.com/fwlink/?linkid=2134277 for more information. To identify the query that's triggering this warning call 'ConfigureWarnings(w => w.Throw(RelationalEventId.MultipleCollectionIncludeWarning))'.
2025-05-06 08:37:31.113 +06:00 [WRN] Compiling a query which loads related collections for more than one collection navigation, either via 'Include' or through projection, but no 'QuerySplittingBehavior' has been configured. By default, Entity Framework will use 'QuerySplittingBehavior.SingleQuery', which can potentially result in slow query performance. See https://go.microsoft.com/fwlink/?linkid=2134277 for more information. To identify the query that's triggering this warning call 'ConfigureWarnings(w => w.Throw(RelationalEventId.MultipleCollectionIncludeWarning))'.
2025-05-06 08:37:36.972 +06:00 [WRN] The query uses a row limiting operator ('Skip'/'Take') without an 'OrderBy' operator. This may lead to unpredictable results. If the 'Distinct' operator is used after 'OrderBy', then make sure to use the 'OrderBy' operator after 'Distinct' as the ordering would otherwise get erased.
2025-05-06 08:37:40.969 +06:00 [WRN] Compiling a query which loads related collections for more than one collection navigation, either via 'Include' or through projection, but no 'QuerySplittingBehavior' has been configured. By default, Entity Framework will use 'QuerySplittingBehavior.SingleQuery', which can potentially result in slow query performance. See https://go.microsoft.com/fwlink/?linkid=2134277 for more information. To identify the query that's triggering this warning call 'ConfigureWarnings(w => w.Throw(RelationalEventId.MultipleCollectionIncludeWarning))'.
2025-05-06 08:55:56.088 +06:00 [INF] Starting application...
2025-05-06 08:55:57.792 +06:00 [INF] Checking for role 'Admin'. Exists: true
2025-05-06 08:55:57.871 +06:00 [INF] Existing admin user 'admin@formsapp.com' already exists.
2025-05-06 08:55:57.914 +06:00 [INF] Existing admin user 'admin@formsapp.com' already has the 'Admin' role.
2025-05-06 08:56:03.945 +06:00 [WRN] Compiling a query which loads related collections for more than one collection navigation, either via 'Include' or through projection, but no 'QuerySplittingBehavior' has been configured. By default, Entity Framework will use 'QuerySplittingBehavior.SingleQuery', which can potentially result in slow query performance. See https://go.microsoft.com/fwlink/?linkid=2134277 for more information. To identify the query that's triggering this warning call 'ConfigureWarnings(w => w.Throw(RelationalEventId.MultipleCollectionIncludeWarning))'.
2025-05-06 08:56:05.722 +06:00 [WRN] Compiling a query which loads related collections for more than one collection navigation, either via 'Include' or through projection, but no 'QuerySplittingBehavior' has been configured. By default, Entity Framework will use 'QuerySplittingBehavior.SingleQuery', which can potentially result in slow query performance. See https://go.microsoft.com/fwlink/?linkid=2134277 for more information. To identify the query that's triggering this warning call 'ConfigureWarnings(w => w.Throw(RelationalEventId.MultipleCollectionIncludeWarning))'.
2025-05-06 08:56:10.866 +06:00 [WRN] Compiling a query which loads related collections for more than one collection navigation, either via 'Include' or through projection, but no 'QuerySplittingBehavior' has been configured. By default, Entity Framework will use 'QuerySplittingBehavior.SingleQuery', which can potentially result in slow query performance. See https://go.microsoft.com/fwlink/?linkid=2134277 for more information. To identify the query that's triggering this warning call 'ConfigureWarnings(w => w.Throw(RelationalEventId.MultipleCollectionIncludeWarning))'.
2025-05-06 08:56:24.512 +06:00 [WRN] The query uses a row limiting operator ('Skip'/'Take') without an 'OrderBy' operator. This may lead to unpredictable results. If the 'Distinct' operator is used after 'OrderBy', then make sure to use the 'OrderBy' operator after 'Distinct' as the ordering would otherwise get erased.
2025-05-06 09:04:06.328 +06:00 [INF] Starting application...
2025-05-06 09:04:07.891 +06:00 [INF] Checking for role 'Admin'. Exists: true
2025-05-06 09:04:07.966 +06:00 [INF] Existing admin user 'admin@formsapp.com' already exists.
2025-05-06 09:04:08.008 +06:00 [INF] Existing admin user 'admin@formsapp.com' already has the 'Admin' role.
2025-05-06 09:04:28.338 +06:00 [WRN] Compiling a query which loads related collections for more than one collection navigation, either via 'Include' or through projection, but no 'QuerySplittingBehavior' has been configured. By default, Entity Framework will use 'QuerySplittingBehavior.SingleQuery', which can potentially result in slow query performance. See https://go.microsoft.com/fwlink/?linkid=2134277 for more information. To identify the query that's triggering this warning call 'ConfigureWarnings(w => w.Throw(RelationalEventId.MultipleCollectionIncludeWarning))'.
2025-05-06 09:04:29.947 +06:00 [WRN] Compiling a query which loads related collections for more than one collection navigation, either via 'Include' or through projection, but no 'QuerySplittingBehavior' has been configured. By default, Entity Framework will use 'QuerySplittingBehavior.SingleQuery', which can potentially result in slow query performance. See https://go.microsoft.com/fwlink/?linkid=2134277 for more information. To identify the query that's triggering this warning call 'ConfigureWarnings(w => w.Throw(RelationalEventId.MultipleCollectionIncludeWarning))'.
2025-05-06 09:04:41.141 +06:00 [WRN] The query uses a row limiting operator ('Skip'/'Take') without an 'OrderBy' operator. This may lead to unpredictable results. If the 'Distinct' operator is used after 'OrderBy', then make sure to use the 'OrderBy' operator after 'Distinct' as the ordering would otherwise get erased.
2025-05-06 09:05:13.960 +06:00 [WRN] Compiling a query which loads related collections for more than one collection navigation, either via 'Include' or through projection, but no 'QuerySplittingBehavior' has been configured. By default, Entity Framework will use 'QuerySplittingBehavior.SingleQuery', which can potentially result in slow query performance. See https://go.microsoft.com/fwlink/?linkid=2134277 for more information. To identify the query that's triggering this warning call 'ConfigureWarnings(w => w.Throw(RelationalEventId.MultipleCollectionIncludeWarning))'.
2025-05-06 09:16:00.218 +06:00 [WRN] Compiling a query which loads related collections for more than one collection navigation, either via 'Include' or through projection, but no 'QuerySplittingBehavior' has been configured. By default, Entity Framework will use 'QuerySplittingBehavior.SingleQuery', which can potentially result in slow query performance. See https://go.microsoft.com/fwlink/?linkid=2134277 for more information. To identify the query that's triggering this warning call 'ConfigureWarnings(w => w.Throw(RelationalEventId.MultipleCollectionIncludeWarning))'.
