2025-03-28 14:51:59.889 +06:00 [INF] Application Starting Up...
2025-03-28 14:52:10.060 +06:00 [ERR] An unhandled exception has occurred while executing the request.
System.InvalidOperationException: No authenticationScheme was specified, and there was no DefaultChallengeScheme found. The default schemes can be set using either AddAuthentication(string defaultScheme) or AddAuthentication(Action<AuthenticationOptions> configureOptions).
   at Microsoft.AspNetCore.Authentication.AuthenticationService.ChallengeAsync(HttpContext context, String scheme, AuthenticationProperties properties)
   at Microsoft.AspNetCore.Authorization.Policy.AuthorizationMiddlewareResultHandler.<>c__DisplayClass0_0.<<HandleAsync>g__Handle|0>d.MoveNext()
--- End of stack trace from previous location ---
   at Microsoft.AspNetCore.Authorization.AuthorizationMiddleware.Invoke(HttpContext context)
   at Microsoft.AspNetCore.Authentication.AuthenticationMiddleware.Invoke(HttpContext context)
   at Microsoft.AspNetCore.Diagnostics.DeveloperExceptionPageMiddlewareImpl.Invoke(HttpContext context)
2025-03-28 14:57:07.888 +06:00 [INF] Application Starting Up...
2025-03-28 14:58:14.225 +06:00 [INF] Application Starting Up...
2025-03-28 15:02:02.809 +06:00 [INF] Application Starting Up...
2025-03-28 15:02:31.633 +06:00 [INF] Application Starting Up...
2025-03-28 15:05:02.696 +06:00 [INF] Application Starting Up...
2025-03-28 15:06:21.193 +06:00 [INF] Application Starting Up...
2025-03-28 15:06:53.907 +06:00 [INF] Application Starting Up...
2025-03-28 15:11:39.437 +06:00 [INF] Application Starting Up...
2025-03-28 15:13:40.948 +06:00 [INF] Application Starting Up...
2025-03-28 15:14:19.411 +06:00 [INF] Application Starting Up...
2025-03-28 15:15:04.731 +06:00 [INF] Application Starting Up...
2025-03-28 15:15:21.854 +06:00 [INF] Application Starting Up...
2025-03-28 15:15:38.224 +06:00 [INF] Application Starting Up...
2025-03-28 15:16:06.671 +06:00 [INF] Application Starting Up...
2025-03-28 15:18:58.801 +06:00 [INF] Application Starting Up...
2025-03-28 15:19:37.264 +06:00 [INF] Application Starting Up...
2025-03-28 15:19:55.099 +06:00 [INF] Application Starting Up...
2025-03-28 15:21:08.078 +06:00 [INF] Application Starting Up...
2025-03-28 15:28:11.197 +06:00 [INF] Application Starting Up...
2025-03-28 16:33:04.779 +06:00 [INF] Application Starting Up...
